<?xml version="1.0" encoding="UTF-8" ?>
<testsuite errors="0" failures="0" hostname="cross-laptop" name="com.sinco.bpm.workflow.WorkflowNetworkControllerTest" tests="2" time="0.476" timestamp="2008-10-16T03:33:30">
  <properties>
[...]
</properties>
  <testcase classname="com.sinco.bpm.workflow.WorkflowNetworkControllerTest" name="testNetworkDeploy" time="0.287" />
  <testcase classname="com.sinco.bpm.workflow.WorkflowNetworkControllerTest" name="testCreateInstance" time="0.118" />
  <system-out><![CDATA[NetworkDeploy
sendingData
[Ljava.lang.Object;@169e11
CreateInstance
sendingData
[Ljava.lang.Object;@14f8dab
]]></system-out>
  <system-err><![CDATA[]]></system-err>
</testsuite>
