<?xml version="1.0" encoding="UTF-8" ?>
<testsuite errors="0" failures="1" hostname="cross-laptop" name="com.sinco.network.RequestSocketTest" tests="1" time="10.938" timestamp="2008-11-19T05:24:39">
  <properties>
[...]
</properties>
  <testcase classname="com.sinco.network.RequestSocketTest" name="testSendingData" time="10.875">
    <failure type="junit.framework.AssertionFailedError">junit.framework.AssertionFailedError
	at com.sinco.network.RequestSocketTest.testSendingData(RequestSocketTest.java:78)
</failure>
  </testcase>
  <system-out><![CDATA[sendingData
Bytes readed: [B@aa9835
Readed: 
]]></system-out>
  <system-err><![CDATA[java.io.EOFException
	at java.io.ObjectInputStream$PeekInputStream.readFully(ObjectInputStream.java:2281)
	at java.io.ObjectInputStream$BlockDataInputStream.readShort(ObjectInputStream.java:2750)
	at java.io.ObjectInputStream.readStreamHeader(ObjectInputStream.java:780)
	at java.io.ObjectInputStream.<init>(ObjectInputStream.java:280)
	at com.sinco.network.RequestSocketTest.testSendingData(RequestSocketTest.java:67)
	at sun.reflect.NativeMethodAccessorImpl.invoke0(Native Method)
	at sun.reflect.NativeMethodAccessorImpl.invoke(NativeMethodAccessorImpl.java:39)
	at sun.reflect.DelegatingMethodAccessorImpl.invoke(DelegatingMethodAccessorImpl.java:25)
	at java.lang.reflect.Method.invoke(Method.java:597)
	at junit.framework.TestCase.runTest(TestCase.java:164)
	at junit.framework.TestCase.runBare(TestCase.java:130)
	at junit.framework.TestResult$1.protect(TestResult.java:106)
	at junit.framework.TestResult.runProtected(TestResult.java:124)
	at junit.framework.TestResult.run(TestResult.java:109)
	at junit.framework.TestCase.run(TestCase.java:120)
	at junit.framework.TestSuite.runTest(TestSuite.java:230)
	at junit.framework.TestSuite.run(TestSuite.java:225)
	at org.apache.tools.ant.taskdefs.optional.junit.JUnitTestRunner.run(JUnitTestRunner.java:421)
	at org.apache.tools.ant.taskdefs.optional.junit.JUnitTestRunner.launch(JUnitTestRunner.java:912)
	at org.apache.tools.ant.taskdefs.optional.junit.JUnitTestRunner.main(JUnitTestRunner.java:766)
]]></system-err>
</testsuite>
